{"name": "test_right_way", "status": "broken", "statusDetails": {"message": "selenium.common.exceptions.TimeoutException: Message:", "trace": "browser = <selenium.webdriver.chrome.webdriver.WebDriver (session=\"b817dc684432e687d217d02473db9947\")>\n\n    def test_right_way(browser):\n        \"\"\"\n        Test case TC-4\n        \"\"\"\n        browser.get(URL)\n        browser.execute_script(\"window.scrollTo(0, document.body.scrollHeight);\")\n    \n        WebDriverWait(browser, timeout=10, poll_frequency=2).until(EC.text_to_be_present_in_element(\n            (By.CLASS_NAME, \"current-post\"), \"17\"))\n    \n        product = browser.find_element(by=By.CSS_SELECTOR, value=\"[data-product_sku='4XAVRC35']\")\n        product.click()\n    \n>       WebDriverWait(browser, timeout=10, poll_frequency=2).until(\n            EC.visibility_of_element_located((By.ID, \"cart-modal\")))\n\ntests\\test_shop.py:81: \n_ _ _ _ _ _ _ _ _ _ _ _ _ _ _ _ _ _ _ _ _ _ _ _ _ _ _ _ _ _ _ _ _ _ _ _ _ _ _ _\n\nself = <selenium.webdriver.support.wait.WebDriverWait (session=\"b817dc684432e687d217d02473db9947\")>\nmethod = <function visibility_of_element_located.<locals>._predicate at 0x000002B6E5B07240>\nmessage = ''\n\n    def until(self, method, message: str = \"\"):\n        \"\"\"Calls the method provided with the driver as an argument until the \\\n        return value does not evaluate to ``False``.\n    \n        :param method: callable(WebDriver)\n        :param message: optional message for :exc:`TimeoutException`\n        :returns: the result of the last call to `method`\n        :raises: :exc:`selenium.common.exceptions.TimeoutException` if timeout occurs\n        \"\"\"\n        screen = None\n        stacktrace = None\n    \n        end_time = time.monotonic() + self._timeout\n        while True:\n            try:\n                value = method(self._driver)\n                if value:\n                    return value\n            except self._ignored_exceptions as exc:\n                screen = getattr(exc, 'screen', None)\n                stacktrace = getattr(exc, 'stacktrace', None)\n            time.sleep(self._poll)\n            if time.monotonic() > end_time:\n                break\n>       raise TimeoutException(message, screen, stacktrace)\nE       selenium.common.exceptions.TimeoutException: Message:\n\n..\\..\\..\\..\\AppData\\Local\\Programs\\Python\\Python311\\Lib\\site-packages\\selenium\\webdriver\\support\\wait.py:90: TimeoutException"}, "description": "\n    Test case TC-4\n    ", "start": 1666815323567, "stop": 1666815336731, "uuid": "a45f72a6-e663-49a7-9e1c-f6af3b5cff77", "historyId": "832350b147fac251f172289a626c5cba", "testCaseId": "7b8323124234f69a8fde1e3de50f452e", "fullName": "tests.test_shop#test_right_way", "labels": [{"name": "parentSuite", "value": "tests"}, {"name": "suite", "value": "test_shop"}, {"name": "host", "value": "DESKTOP-811T9MO"}, {"name": "thread", "value": "10416-MainThread"}, {"name": "framework", "value": "pytest"}, {"name": "language", "value": "cpython3"}, {"name": "package", "value": "tests.test_shop"}]}